<?xml version="1.0" encoding="UTF-8"?>
<!-- Generated by org.testng.reporters.JUnitReportReporter -->
<testsuite hostname="LAPTOP-D0CIFDTL" failures="0" tests="5" name="javaPrograms.HowToIterateThroughCollectionInJava" time="0.008" errors="0" timestamp="2022-11-15T10:19:00 IST" skipped="4">
  <testcase classname="javaPrograms.HowToIterateThroughCollectionInJava" name="f5" time="0.008"/>
  <system-out/>
  <testcase classname="javaPrograms.HowToIterateThroughCollectionInJava" name="f4">
    <skipped/>
  </testcase> <!-- f4 -->
  <system-out/>
  <testcase classname="javaPrograms.HowToIterateThroughCollectionInJava" name="f1">
    <skipped/>
  </testcase> <!-- f1 -->
  <system-out/>
  <testcase classname="javaPrograms.HowToIterateThroughCollectionInJava" name="f3">
    <skipped/>
  </testcase> <!-- f3 -->
  <system-out/>
  <testcase classname="javaPrograms.HowToIterateThroughCollectionInJava" name="f2">
    <skipped/>
  </testcase> <!-- f2 -->
  <system-out/>
</testsuite> <!-- javaPrograms.HowToIterateThroughCollectionInJava -->
