<?xml version="1.0" encoding="UTF-8"?>
<!-- Generated by org.testng.reporters.JUnitReportReporter -->
<testsuite hostname="LAPTOP-D0CIFDTL" failures="0" tests="1" name="jsonPrograms.HowToConcatTwoJSONObjectInSingleJSON" time="0.015" errors="0" timestamp="2022-11-15T09:34:09 IST" skipped="0">
  <testcase classname="jsonPrograms.HowToConcatTwoJSONObjectInSingleJSON" name="f2" time="0.015"/>
  <system-out/>
</testsuite> <!-- jsonPrograms.HowToConcatTwoJSONObjectInSingleJSON -->
