<?xml version="1.0" encoding="UTF-8"?>
<!-- Generated by org.testng.reporters.JUnitReportReporter -->
<testsuite hostname="LAPTOP-D0CIFDTL" failures="0" tests="2" name="javaPrograms.HowToGenerateRandomNumbers" time="0.008" errors="0" timestamp="2022-11-15T08:56:46 IST" skipped="1">
  <testcase classname="javaPrograms.HowToGenerateRandomNumbers" name="f2" time="0.008"/>
  <system-out/>
  <testcase classname="javaPrograms.HowToGenerateRandomNumbers" name="f1">
    <skipped/>
  </testcase> <!-- f1 -->
  <system-out/>
</testsuite> <!-- javaPrograms.HowToGenerateRandomNumbers -->
