<?xml version="1.0" encoding="UTF-8"?>
<!-- Generated by org.testng.reporters.JUnitReportReporter -->
<testsuite hostname="LAPTOP-D0CIFDTL" failures="0" tests="2" name="jsonPrograms.HowToCreateJSONObject" time="0.010" errors="0" timestamp="2022-11-15T09:16:30 IST" skipped="1">
  <testcase classname="jsonPrograms.HowToCreateJSONObject" name="f2" time="0.010"/>
  <system-out/>
  <testcase classname="jsonPrograms.HowToCreateJSONObject" name="f1">
    <skipped/>
  </testcase> <!-- f1 -->
  <system-out/>
</testsuite> <!-- jsonPrograms.HowToCreateJSONObject -->
