<?xml version="1.0" encoding="UTF-8"?>
<!-- Generated by org.testng.reporters.JUnitReportReporter -->
<testsuite hostname="LAPTOP-D0CIFDTL" failures="0" tests="1" name="jsonPrograms.HowToConvertMapToJSONObject" time="0.013" errors="0" timestamp="2022-11-15T09:24:36 IST" skipped="0">
  <testcase classname="jsonPrograms.HowToConvertMapToJSONObject" name="f1" time="0.013"/>
  <system-out/>
</testsuite> <!-- jsonPrograms.HowToConvertMapToJSONObject -->
